<?xml version="1.0" encoding="UTF-8"?>
<!-- Generated by org.testng.reporters.JUnitReportReporter -->
<testsuite hostname="DESKTOP-PP8RICL" failures="0" tests="1" name="testCases.TC001_AccountRegistrationTest" time="1.786" errors="0" timestamp="2024-09-16T14:32:11 BDT" skipped="0">
  <testcase classname="testCases.TC001_AccountRegistrationTest" name="verify_account_registration" time="1.786"/>
</testsuite> <!-- testCases.TC001_AccountRegistrationTest -->
