<?xml version="1.0" encoding="UTF-8"?>
<!-- Generated by org.testng.reporters.JUnitReportReporter -->
<testsuite hostname="DESKTOP-PP8RICL" failures="0" tests="5" name="testCases.TC003_LoginDDT" time="47.666" errors="0" timestamp="2024-09-12T16:09:30 BDT" skipped="0">
  <testcase classname="testCases.TC003_LoginDDT" name="verify_LoginDTT" time="10.783"/>
  <testcase classname="testCases.TC003_LoginDDT" name="verify_LoginDTT" time="11.098"/>
  <testcase classname="testCases.TC003_LoginDDT" name="verify_LoginDTT" time="1.678"/>
  <testcase classname="testCases.TC003_LoginDDT" name="verify_LoginDTT" time="11.484"/>
  <testcase classname="testCases.TC003_LoginDDT" name="verify_LoginDTT" time="12.623"/>
</testsuite> <!-- testCases.TC003_LoginDDT -->
