<?xml version="1.0" encoding="UTF-8"?>
<!-- Generated by org.testng.reporters.JUnitReportReporter -->
<testsuite hostname="DESKTOP-PP8RICL" failures="0" tests="5" name="testCases.TC003_LoginDDT" time="47.523" errors="0" timestamp="2024-09-21T19:11:14 BDT" skipped="0">
  <testcase classname="testCases.TC003_LoginDDT" name="verify_LoginDTT" time="10.991"/>
  <testcase classname="testCases.TC003_LoginDDT" name="verify_LoginDTT" time="13.291"/>
  <testcase classname="testCases.TC003_LoginDDT" name="verify_LoginDTT" time="10.984"/>
  <testcase classname="testCases.TC003_LoginDDT" name="verify_LoginDTT" time="1.477"/>
  <testcase classname="testCases.TC003_LoginDDT" name="verify_LoginDTT" time="10.780"/>
</testsuite> <!-- testCases.TC003_LoginDDT -->
