<?xml version="1.0" encoding="UTF-8"?>
<!-- Generated by org.testng.reporters.JUnitReportReporter -->
<testsuite hostname="DESKTOP-PP8RICL" failures="0" tests="1" name="testCases.TC002_LoginTest" time="4.341" errors="0" timestamp="2024-09-21T19:11:14 BDT" skipped="0">
  <testcase classname="testCases.TC002_LoginTest" name="verify_login" time="4.341"/>
</testsuite> <!-- testCases.TC002_LoginTest -->
