<?xml version="1.0" encoding="UTF-8"?>
<!-- Generated by org.testng.reporters.JUnitReportReporter -->
<testsuite hostname="DESKTOP-PP8RICL" failures="0" tests="5" name="testCases.TC003_LoginDDT" time="45.379" errors="0" timestamp="2024-09-29T23:38:10 BDT" skipped="0">
  <testcase classname="testCases.TC003_LoginDDT" name="verify_LoginDTT" time="10.850"/>
  <testcase classname="testCases.TC003_LoginDDT" name="verify_LoginDTT" time="1.743"/>
  <testcase classname="testCases.TC003_LoginDDT" name="verify_LoginDTT" time="10.967"/>
  <testcase classname="testCases.TC003_LoginDDT" name="verify_LoginDTT" time="10.927"/>
  <testcase classname="testCases.TC003_LoginDDT" name="verify_LoginDTT" time="10.892"/>
</testsuite> <!-- testCases.TC003_LoginDDT -->
