<?xml version="1.0" encoding="UTF-8"?>
<!-- Generated by org.testng.reporters.JUnitReportReporter -->
<testsuite hostname="DESKTOP-PP8RICL" failures="0" tests="5" name="testCases.TC003_LoginDDT" time="47.283" errors="0" timestamp="2024-09-19T17:05:49 BDT" skipped="0">
  <testcase classname="testCases.TC003_LoginDDT" name="verify_LoginDTT" time="12.185"/>
  <testcase classname="testCases.TC003_LoginDDT" name="verify_LoginDTT" time="11.663"/>
  <testcase classname="testCases.TC003_LoginDDT" name="verify_LoginDTT" time="10.992"/>
  <testcase classname="testCases.TC003_LoginDDT" name="verify_LoginDTT" time="1.464"/>
  <testcase classname="testCases.TC003_LoginDDT" name="verify_LoginDTT" time="10.979"/>
</testsuite> <!-- testCases.TC003_LoginDDT -->
