<?xml version="1.0" encoding="UTF-8"?>
<!-- Generated by org.testng.reporters.JUnitReportReporter -->
<testsuite hostname="DESKTOP-PP8RICL" failures="0" tests="5" name="testCases.TC003_LoginDDT" time="46.333" errors="0" timestamp="2024-09-21T19:19:52 BDT" skipped="0">
  <testcase classname="testCases.TC003_LoginDDT" name="verify_LoginDTT" time="1.432"/>
  <testcase classname="testCases.TC003_LoginDDT" name="verify_LoginDTT" time="11.712"/>
  <testcase classname="testCases.TC003_LoginDDT" name="verify_LoginDTT" time="11.550"/>
  <testcase classname="testCases.TC003_LoginDDT" name="verify_LoginDTT" time="10.839"/>
  <testcase classname="testCases.TC003_LoginDDT" name="verify_LoginDTT" time="10.800"/>
</testsuite> <!-- testCases.TC003_LoginDDT -->
